<?xml version="1.0" encoding="UTF-8"?>
<!-- Generated by org.testng.reporters.JUnitReportReporter -->
<testsuite hostname="Nehas-MacBook-Pro.local" failures="0" tests="1" name="browsers.FireFoxTest" time="4.733" errors="0" timestamp="2021-03-19T11:06:25 EDT" skipped="0">
  <testcase classname="browsers.FireFoxTest" name="launchFirefox" time="4.733"/>
  <system-out/>
</testsuite> <!-- browsers.FireFoxTest -->
