<?xml version="1.0" encoding="UTF-8"?>
<!-- Generated by org.testng.reporters.JUnitReportReporter -->
<testsuite hostname="Nehas-MacBook-Pro.local" failures="0" tests="1" name="browsers.Chrome" time="4.401" errors="0" timestamp="2021-03-18T11:21:42 EDT" skipped="0">
  <testcase classname="browsers.Chrome" name="launchChrome" time="4.401"/>
  <system-out/>
</testsuite> <!-- browsers.Chrome -->
