<?xml version="1.0" encoding="UTF-8"?>
<!-- Generated by org.testng.reporters.JUnitReportReporter -->
<testsuite hostname="Nehas-MacBook-Pro.local" failures="0" tests="1" name="browsers.ChromeTest" time="3.218" errors="0" timestamp="2021-03-19T12:08:33 EDT" skipped="0">
  <testcase classname="browsers.ChromeTest" name="launchChrome" time="3.218"/>
  <system-out/>
</testsuite> <!-- browsers.ChromeTest -->
